Initializing document watcher...
c:\Code\portable-vscode\data\user-data\User\settings.json: Using EditorConfig core...
c:\Code\portable-vscode\data\user-data\User\settings.json: Using EditorConfig core...
c:\Code\portable-vscode\data\user-data\User\settings.json: Using EditorConfig core...
c:\Code\portable-vscode\data\user-data\User\settings.json: Using EditorConfig core...
c:\Code\portable-vscode\data\user-data\User\settings.json: Using EditorConfig core...
c:\Code\portable-vscode\data\user-data\User\settings.json: Using EditorConfig core...
c:\Code\portable-vscode\data\user-data\User\settings.json: Using EditorConfig core...
c:\Code\portable-vscode\data\user-data\User\settings.json: Using EditorConfig core...
c:\Code\portable-vscode\data\user-data\User\settings.json: Using EditorConfig core...
c:\Code\portable-vscode\data\user-data\User\settings.json: Using EditorConfig core...
c:\Code\portable-vscode\data\user-data\User\settings.json: Using EditorConfig core...
c:\Code\portable-vscode\data\user-data\User\settings.json: Using EditorConfig core...
igreja-de-cristo/app/Http/Controllers/Cms/BeController.php: {"insertSpaces":true,"tabSize":4}
undefined: {}
undefined: {}
undefined: {}
undefined: {}
No more open editors.
igreja-de-cristo/app/Models/Church.php: {"insertSpaces":true,"tabSize":4}
igreja-de-cristo/app/Http/Controllers/Cms/BeController.php: {"insertSpaces":true,"tabSize":4}
igreja-de-cristo/app/Http/Controllers/Cms/BeController.php: {"insertSpaces":true,"tabSize":4}
