[Info  - 9:26:38 AM] Initialising intelephense 1.7.1
[Info  - 9:26:38 AM] Reading state from c:\Code\portable-vscode\data\user-data\User\workspaceStorage\1cd5f6bc3a9a355200d8bc14c6f86a33\bmewburn.vscode-intelephense-client\310fd8f2.
[Info  - 9:26:40 AM] Initialised in 1529 ms
[Warn  - 9:26:42 AM] file:///c%3A/Code/mondelez.gigantesdaexecucao/vendor/composer/autoload_static.php is over the maximum file size of 1000000 bytes.
[Warn  - 9:26:42 AM] file:///c%3A/Code/mondelez.gigantesdaexecucao/vendor/fzaninotto/faker/src/Faker/Provider/nl_BE/Text.php is over the maximum file size of 1000000 bytes.
[Info  - 9:51:33 AM] Indexing started.
[Info  - 9:51:34 AM] Indexing ended. 1 files indexed in 0s.
[Info  - 9:51:36 AM] Indexing started.
[Info  - 9:51:36 AM] Indexing ended. 1 files indexed in 0s.
[Info  - 9:51:39 AM] Indexing started.
[Info  - 9:51:39 AM] Indexing ended. 1 files indexed in 0s.
[Info  - 9:51:43 AM] Indexing started.
[Info  - 9:51:43 AM] Indexing ended. 1 files indexed in 0s.
[Info  - 9:51:54 AM] Indexing started.
[Info  - 9:51:54 AM] Indexing ended. 1 files indexed in 0s.
[Info  - 9:52:01 AM] Indexing started.
[Info  - 9:52:02 AM] Indexing ended. 1 files indexed in 0s.
[Info  - 9:52:04 AM] Indexing started.
[Info  - 9:52:04 AM] Indexing ended. 1 files indexed in 0s.
[Info  - 9:52:06 AM] Indexing started.
[Info  - 9:52:06 AM] Indexing ended. 1 files indexed in 0s.
[Info  - 9:52:08 AM] Indexing started.
[Info  - 9:52:08 AM] Indexing ended. 1 files indexed in 0s.
[Info  - 9:52:12 AM] Indexing started.
[Info  - 9:52:12 AM] Indexing ended. 1 files indexed in 0s.
[Info  - 9:52:26 AM] Indexing started.
[Info  - 9:52:26 AM] Indexing ended. 1 files indexed in 0s.
[Info  - 9:52:28 AM] Indexing started.
[Info  - 9:52:29 AM] Indexing ended. 1 files indexed in 0s.
[Info  - 9:52:30 AM] Indexing started.
[Info  - 9:52:30 AM] Indexing ended. 1 files indexed in 0s.
[Info  - 9:52:33 AM] Indexing started.
[Info  - 9:52:33 AM] Indexing ended. 1 files indexed in 0s.
[Info  - 9:52:36 AM] Indexing started.
[Info  - 9:52:36 AM] Indexing ended. 1 files indexed in 0s.
[Info  - 9:52:38 AM] Indexing started.
[Info  - 9:52:38 AM] Indexing ended. 1 files indexed in 0s.
[Info  - 9:52:43 AM] Indexing started.
[Info  - 9:52:43 AM] Indexing ended. 1 files indexed in 0s.
[Info  - 9:52:46 AM] Indexing started.
[Info  - 9:52:46 AM] Indexing ended. 1 files indexed in 0s.
[Info  - 9:52:48 AM] Indexing started.
[Info  - 9:52:49 AM] Indexing ended. 1 files indexed in 0s.
[Info  - 9:53:08 AM] Indexing started.
[Info  - 9:53:08 AM] Indexing ended. 1 files indexed in 0s.
[Info  - 9:53:25 AM] Indexing started.
[Info  - 9:53:25 AM] Indexing ended. 1 files indexed in 0s.
[Info  - 9:53:29 AM] Indexing started.
[Info  - 9:53:29 AM] Indexing ended. 1 files indexed in 0s.
[Info  - 9:53:31 AM] Indexing started.
[Info  - 9:53:31 AM] Indexing ended. 1 files indexed in 0s.
[Info  - 9:53:35 AM] Indexing started.
[Info  - 9:53:35 AM] Indexing ended. 1 files indexed in 0s.
[Info  - 9:53:37 AM] Indexing started.
[Info  - 9:53:37 AM] Indexing ended. 1 files indexed in 0s.
[Info  - 9:53:41 AM] Indexing started.
[Info  - 9:53:41 AM] Indexing ended. 1 files indexed in 0s.
[Info  - 9:53:50 AM] Indexing started.
[Info  - 9:53:51 AM] Indexing ended. 1 files indexed in 0s.
[Info  - 9:53:51 AM] Indexing started.
[Info  - 9:53:51 AM] Indexing ended. 1 files indexed in 0s.
[Info  - 9:54:03 AM] Indexing started.
[Info  - 9:54:04 AM] Indexing ended. 1 files indexed in 0s.
[Info  - 9:54:06 AM] Indexing started.
[Info  - 9:54:06 AM] Indexing ended. 1 files indexed in 0s.
[Info  - 9:54:08 AM] Indexing started.
[Info  - 9:54:08 AM] Indexing ended. 1 files indexed in 0s.
[Info  - 9:54:29 AM] Indexing started.
[Info  - 9:54:29 AM] Indexing ended. 1 files indexed in 0s.
[Info  - 9:54:34 AM] Indexing started.
[Info  - 9:54:34 AM] Indexing ended. 1 files indexed in 0s.
[Info  - 9:54:35 AM] Indexing started.
[Info  - 9:54:35 AM] Indexing ended. 1 files indexed in 0s.
[Info  - 9:54:39 AM] Indexing started.
[Info  - 9:54:39 AM] Indexing ended. 1 files indexed in 0s.
[Info  - 9:54:40 AM] Indexing started.
[Info  - 9:54:40 AM] Indexing ended. 1 files indexed in 0s.
[Info  - 9:54:42 AM] Indexing started.
[Info  - 9:54:42 AM] Indexing ended. 1 files indexed in 0s.
[Info  - 9:54:44 AM] Indexing started.
[Info  - 9:54:45 AM] Indexing ended. 1 files indexed in 0s.
[Info  - 9:54:47 AM] Indexing started.
[Info  - 9:54:47 AM] Indexing ended. 1 files indexed in 0s.
[Info  - 9:54:48 AM] Indexing started.
[Info  - 9:54:48 AM] Indexing ended. 1 files indexed in 0s.
[Info  - 9:54:49 AM] Indexing started.
[Info  - 9:54:49 AM] Indexing ended. 1 files indexed in 0s.
[Info  - 9:54:52 AM] Indexing started.
[Info  - 9:54:52 AM] Indexing ended. 1 files indexed in 0s.
[Info  - 9:54:56 AM] Indexing started.
[Info  - 9:54:56 AM] Indexing ended. 1 files indexed in 0s.
[Info  - 9:54:58 AM] Indexing started.
[Info  - 9:54:58 AM] Indexing ended. 1 files indexed in 0s.
[Info  - 9:54:59 AM] Indexing started.
[Info  - 9:54:59 AM] Indexing ended. 1 files indexed in 0s.
[Info  - 9:55:04 AM] Indexing started.
[Info  - 9:55:04 AM] Indexing ended. 1 files indexed in 0s.
[Info  - 9:55:06 AM] Indexing started.
[Info  - 9:55:07 AM] Indexing ended. 1 files indexed in 0s.
[Info  - 9:55:34 AM] Indexing started.
[Info  - 9:55:34 AM] Indexing ended. 1 files indexed in 0s.
[Info  - 9:55:45 AM] Indexing started.
[Info  - 9:55:45 AM] Indexing ended. 1 files indexed in 0s.
[Info  - 9:55:53 AM] Indexing started.
[Info  - 9:55:53 AM] Indexing ended. 1 files indexed in 0s.
[Info  - 9:55:58 AM] Indexing started.
[Info  - 9:55:58 AM] Indexing ended. 1 files indexed in 0s.
[Info  - 9:56:00 AM] Indexing started.
[Info  - 9:56:00 AM] Indexing ended. 1 files indexed in 0s.
[Info  - 9:57:38 AM] Indexing started.
[Info  - 9:57:38 AM] Indexing ended. 1 files indexed in 0s.
[Info  - 9:57:44 AM] Indexing started.
[Info  - 9:57:45 AM] Indexing ended. 1 files indexed in 0s.
