Looking for git in: C:\Program Files\Git\cmd\git.exe
Using git 2.29.2.windows.3 from C:\Program Files\Git\cmd\git.exe
> git rev-parse --git-dir
Open repository: c:\Code\dreamsfinance
> git fetch
> git status -z -u
> git symbolic-ref --short HEAD
> git check-ignore -v -z --stdin
> git for-each-ref --format=%(refname)%00%(upstream:short)%00%(upstream:track)%00%(objectname) refs/heads/master refs/remotes/master
> git for-each-ref --sort -committerdate --format %(refname) %(objectname) %(*objectname)
> git remote --verbose
> git config --get commit.template
git@github.com: Permission denied (publickey).
fatal: Could not read from remote repository.

Please make sure you have the correct access rights
and the repository exists.
> git check-ignore -v -z --stdin
> git check-ignore -v -z --stdin
> git show --textconv :app/Providers/AuthServiceProvider.php
> git ls-files --stage -- C:\Code\dreamsfinance\app\Providers\AuthServiceProvider.php
> git cat-file -s 0acc984bae1780b5275383064eeed1e480f391a1
> git fetch
git@github.com: Permission denied (publickey).
fatal: Could not read from remote repository.

Please make sure you have the correct access rights
and the repository exists.
> git fetch
> git ls-files --stage -- C:\Code\dreamsfinance\app\Providers\AuthServiceProvider.php
> git cat-file -s 0acc984bae1780b5275383064eeed1e480f391a1
> git show --textconv :app/Providers/AuthServiceProvider.php
> git ls-files --stage -- C:\Code\dreamsfinance\app\Providers\AuthServiceProvider.php
git@github.com: Permission denied (publickey).
fatal: Could not read from remote repository.

Please make sure you have the correct access rights
and the repository exists.
> git cat-file -s 0acc984bae1780b5275383064eeed1e480f391a1
> git show --textconv :app/Providers/AuthServiceProvider.php
