[2021-05-02 09:24:18.380] [exthost] [info] extension host started
[2021-05-02 09:24:18.586] [exthost] [info] ExtensionService#_doActivateExtension vscode.microsoft-authentication {"startup":false,"extensionId":{"value":"vscode.microsoft-authentication","_lower":"vscode.microsoft-authentication"},"activationEvent":"onAuthenticationRequest:microsoft"}
[2021-05-02 09:24:18.586] [exthost] [info] ExtensionService#loadCommonJSModule file:///e:/Users/Thales Barbosa Bento/Downloads/VSCode-win32-x64-1.55.2/resources/app/extensions/microsoft-authentication/dist/extension.js
[2021-05-02 09:24:18.613] [exthost] [info] ExtensionService#_doActivateExtension vscode.debug-auto-launch {"startup":true,"extensionId":{"value":"vscode.debug-auto-launch","_lower":"vscode.debug-auto-launch"},"activationEvent":"*"}
[2021-05-02 09:24:18.613] [exthost] [info] ExtensionService#loadCommonJSModule file:///e:/Users/Thales Barbosa Bento/Downloads/VSCode-win32-x64-1.55.2/resources/app/extensions/debug-auto-launch/dist/extension
[2021-05-02 09:24:18.621] [exthost] [info] ExtensionService#_doActivateExtension vscode.git {"startup":true,"extensionId":{"value":"vscode.github","_lower":"vscode.github"},"activationEvent":"*"}
[2021-05-02 09:24:18.621] [exthost] [info] ExtensionService#loadCommonJSModule file:///e:/Users/Thales Barbosa Bento/Downloads/VSCode-win32-x64-1.55.2/resources/app/extensions/git/dist/main
[2021-05-02 09:24:18.826] [exthost] [info] WSL is not installed, so could not detect WSL profiles
[2021-05-02 09:24:18.877] [exthost] [info] ExtensionService#_doActivateExtension ms-vscode.js-debug {"startup":false,"extensionId":{"value":"ms-vscode.js-debug","_lower":"ms-vscode.js-debug"},"activationEvent":"onCommand:extension.js-debug.clearAutoAttachVariables"}
[2021-05-02 09:24:18.877] [exthost] [info] ExtensionService#loadCommonJSModule file:///e:/Users/Thales Barbosa Bento/Downloads/VSCode-win32-x64-1.55.2/resources/app/extensions/ms-vscode.js-debug/src/extension.js
[2021-05-02 09:24:19.158] [exthost] [info] ExtensionService#_doActivateExtension vscode.github-authentication {"startup":false,"extensionId":{"value":"vscode.github-authentication","_lower":"vscode.github-authentication"},"activationEvent":"onAuthenticationRequest:github"}
[2021-05-02 09:24:19.158] [exthost] [info] ExtensionService#loadCommonJSModule file:///e:/Users/Thales Barbosa Bento/Downloads/VSCode-win32-x64-1.55.2/resources/app/extensions/github-authentication/dist/extension.js
[2021-05-02 09:24:19.189] [exthost] [info] ExtensionService#_doActivateExtension vscode.github {"startup":true,"extensionId":{"value":"vscode.github","_lower":"vscode.github"},"activationEvent":"*"}
[2021-05-02 09:24:19.190] [exthost] [info] ExtensionService#loadCommonJSModule file:///e:/Users/Thales Barbosa Bento/Downloads/VSCode-win32-x64-1.55.2/resources/app/extensions/github/dist/extension.js
[2021-05-02 09:24:19.218] [exthost] [info] eager extensions activated
[2021-05-02 09:24:19.224] [exthost] [info] ExtensionService#_doActivateExtension vscode.emmet {"startup":false,"extensionId":{"value":"vscode.emmet","_lower":"vscode.emmet"},"activationEvent":"onStartupFinished"}
[2021-05-02 09:24:19.225] [exthost] [info] ExtensionService#loadCommonJSModule file:///e:/Users/Thales Barbosa Bento/Downloads/VSCode-win32-x64-1.55.2/resources/app/extensions/emmet/dist/node/emmetNodeMain
[2021-05-02 09:24:19.243] [exthost] [info] ExtensionService#_doActivateExtension vscode.merge-conflict {"startup":false,"extensionId":{"value":"vscode.merge-conflict","_lower":"vscode.merge-conflict"},"activationEvent":"onStartupFinished"}
[2021-05-02 09:24:19.243] [exthost] [info] ExtensionService#loadCommonJSModule file:///e:/Users/Thales Barbosa Bento/Downloads/VSCode-win32-x64-1.55.2/resources/app/extensions/merge-conflict/dist/mergeConflictMain
[2021-05-02 09:24:19.249] [exthost] [info] ExtensionService#_doActivateExtension ms-vscode-remote.remote-wsl-recommender {"startup":false,"extensionId":{"value":"ms-vscode-remote.remote-wsl-recommender","_lower":"ms-vscode-remote.remote-wsl-recommender"},"activationEvent":"onStartupFinished"}
[2021-05-02 09:24:19.249] [exthost] [info] ExtensionService#loadCommonJSModule file:///e:/Users/Thales Barbosa Bento/Downloads/VSCode-win32-x64-1.55.2/resources/app/extensions/ms-vscode-remote.remote-wsl-recommender/dist/extension.js
[2021-05-02 09:24:19.271] [exthost] [info] ExtensionService#_doActivateExtension vscode.testing-editor-contributions {"startup":false,"extensionId":{"value":"vscode.testing-editor-contributions","_lower":"vscode.testing-editor-contributions"},"activationEvent":"onStartupFinished"}
[2021-05-02 09:24:19.271] [exthost] [info] ExtensionService#loadCommonJSModule file:///e:/Users/Thales Barbosa Bento/Downloads/VSCode-win32-x64-1.55.2/resources/app/extensions/testing-editor-contributions/dist/extension.js
[2021-05-02 09:25:15.677] [exthost] [info] ExtensionService#_doActivateExtension vscode.configuration-editing {"startup":false,"extensionId":{"value":"vscode.configuration-editing","_lower":"vscode.configuration-editing"},"activationEvent":"onLanguage:jsonc"}
[2021-05-02 09:25:15.678] [exthost] [info] ExtensionService#loadCommonJSModule file:///e:/Users/Thales Barbosa Bento/Downloads/VSCode-win32-x64-1.55.2/resources/app/extensions/configuration-editing/dist/configurationEditingMain
[2021-05-02 09:25:15.728] [exthost] [info] ExtensionService#_doActivateExtension vscode.json-language-features {"startup":false,"extensionId":{"value":"vscode.json-language-features","_lower":"vscode.json-language-features"},"activationEvent":"onLanguage:jsonc"}
[2021-05-02 09:25:15.728] [exthost] [info] ExtensionService#loadCommonJSModule file:///e:/Users/Thales Barbosa Bento/Downloads/VSCode-win32-x64-1.55.2/resources/app/extensions/json-language-features/client/dist/node/jsonClientMain
[2021-05-02 09:25:15.870] [exthost] [info] ExtensionService#_doActivateExtension vscode.typescript-language-features {"startup":false,"extensionId":{"value":"vscode.typescript-language-features","_lower":"vscode.typescript-language-features"},"activationEvent":"onLanguage:jsonc"}
[2021-05-02 09:25:15.870] [exthost] [info] ExtensionService#loadCommonJSModule file:///e:/Users/Thales Barbosa Bento/Downloads/VSCode-win32-x64-1.55.2/resources/app/extensions/typescript-language-features/dist/extension
[2021-05-02 09:26:55.003] [exthost] [info] extension host terminating: received terminate message from renderer
[2021-05-02 09:26:56.019] [exthost] [info] exiting with code 0
[2021-05-02 09:26:56.605] [exthost] [info] extension host started
[2021-05-02 09:26:56.631] [exthost] [info] ExtensionService#_doActivateExtension vscode.microsoft-authentication {"startup":false,"extensionId":{"value":"vscode.microsoft-authentication","_lower":"vscode.microsoft-authentication"},"activationEvent":"onAuthenticationRequest:microsoft"}
[2021-05-02 09:26:56.631] [exthost] [info] ExtensionService#loadCommonJSModule file:///e:/Users/Thales Barbosa Bento/Downloads/VSCode-win32-x64-1.55.2/resources/app/extensions/microsoft-authentication/dist/extension.js
[2021-05-02 09:26:56.646] [exthost] [info] ExtensionService#_doActivateExtension vscode.debug-auto-launch {"startup":true,"extensionId":{"value":"vscode.debug-auto-launch","_lower":"vscode.debug-auto-launch"},"activationEvent":"*"}
[2021-05-02 09:26:56.646] [exthost] [info] ExtensionService#loadCommonJSModule file:///e:/Users/Thales Barbosa Bento/Downloads/VSCode-win32-x64-1.55.2/resources/app/extensions/debug-auto-launch/dist/extension
[2021-05-02 09:26:56.654] [exthost] [info] ExtensionService#_doActivateExtension vscode.git {"startup":true,"extensionId":{"value":"vscode.github","_lower":"vscode.github"},"activationEvent":"*"}
[2021-05-02 09:26:56.654] [exthost] [info] ExtensionService#loadCommonJSModule file:///e:/Users/Thales Barbosa Bento/Downloads/VSCode-win32-x64-1.55.2/resources/app/extensions/git/dist/main
[2021-05-02 09:26:56.746] [exthost] [info] ExtensionService#_doActivateExtension ms-vscode.js-debug {"startup":false,"extensionId":{"value":"ms-vscode.js-debug","_lower":"ms-vscode.js-debug"},"activationEvent":"onCommand:extension.js-debug.clearAutoAttachVariables"}
[2021-05-02 09:26:56.746] [exthost] [info] ExtensionService#loadCommonJSModule file:///e:/Users/Thales Barbosa Bento/Downloads/VSCode-win32-x64-1.55.2/resources/app/extensions/ms-vscode.js-debug/src/extension.js
[2021-05-02 09:26:56.904] [exthost] [info] WSL is not installed, so could not detect WSL profiles
[2021-05-02 09:26:56.913] [exthost] [info] ExtensionService#_doActivateExtension vscode.github-authentication {"startup":false,"extensionId":{"value":"vscode.github-authentication","_lower":"vscode.github-authentication"},"activationEvent":"onAuthenticationRequest:github"}
[2021-05-02 09:26:56.913] [exthost] [info] ExtensionService#loadCommonJSModule file:///e:/Users/Thales Barbosa Bento/Downloads/VSCode-win32-x64-1.55.2/resources/app/extensions/github-authentication/dist/extension.js
[2021-05-02 09:26:57.074] [exthost] [info] ExtensionService#_doActivateExtension vscode.github {"startup":true,"extensionId":{"value":"vscode.github","_lower":"vscode.github"},"activationEvent":"*"}
[2021-05-02 09:26:57.074] [exthost] [info] ExtensionService#loadCommonJSModule file:///e:/Users/Thales Barbosa Bento/Downloads/VSCode-win32-x64-1.55.2/resources/app/extensions/github/dist/extension.js
[2021-05-02 09:26:57.084] [exthost] [info] eager extensions activated
[2021-05-02 09:26:57.085] [exthost] [info] ExtensionService#_doActivateExtension vscode.emmet {"startup":false,"extensionId":{"value":"vscode.emmet","_lower":"vscode.emmet"},"activationEvent":"onStartupFinished"}
[2021-05-02 09:26:57.085] [exthost] [info] ExtensionService#loadCommonJSModule file:///e:/Users/Thales Barbosa Bento/Downloads/VSCode-win32-x64-1.55.2/resources/app/extensions/emmet/dist/node/emmetNodeMain
[2021-05-02 09:26:57.094] [exthost] [info] ExtensionService#_doActivateExtension vscode.merge-conflict {"startup":false,"extensionId":{"value":"vscode.merge-conflict","_lower":"vscode.merge-conflict"},"activationEvent":"onStartupFinished"}
[2021-05-02 09:26:57.095] [exthost] [info] ExtensionService#loadCommonJSModule file:///e:/Users/Thales Barbosa Bento/Downloads/VSCode-win32-x64-1.55.2/resources/app/extensions/merge-conflict/dist/mergeConflictMain
[2021-05-02 09:26:57.099] [exthost] [info] ExtensionService#_doActivateExtension ms-vscode-remote.remote-wsl-recommender {"startup":false,"extensionId":{"value":"ms-vscode-remote.remote-wsl-recommender","_lower":"ms-vscode-remote.remote-wsl-recommender"},"activationEvent":"onStartupFinished"}
[2021-05-02 09:26:57.099] [exthost] [info] ExtensionService#loadCommonJSModule file:///e:/Users/Thales Barbosa Bento/Downloads/VSCode-win32-x64-1.55.2/resources/app/extensions/ms-vscode-remote.remote-wsl-recommender/dist/extension.js
[2021-05-02 09:26:57.110] [exthost] [info] ExtensionService#_doActivateExtension vscode.testing-editor-contributions {"startup":false,"extensionId":{"value":"vscode.testing-editor-contributions","_lower":"vscode.testing-editor-contributions"},"activationEvent":"onStartupFinished"}
[2021-05-02 09:26:57.110] [exthost] [info] ExtensionService#loadCommonJSModule file:///e:/Users/Thales Barbosa Bento/Downloads/VSCode-win32-x64-1.55.2/resources/app/extensions/testing-editor-contributions/dist/extension.js
[2021-05-02 09:27:02.131] [exthost] [info] ExtensionService#_doActivateExtension vscode.php-language-features {"startup":false,"extensionId":{"value":"vscode.php-language-features","_lower":"vscode.php-language-features"},"activationEvent":"onLanguage:php"}
[2021-05-02 09:27:02.131] [exthost] [info] ExtensionService#loadCommonJSModule file:///e:/Users/Thales Barbosa Bento/Downloads/VSCode-win32-x64-1.55.2/resources/app/extensions/php-language-features/dist/phpMain
[2021-05-02 09:28:49.161] [exthost] [info] ExtensionService#_doActivateExtension vscode.configuration-editing {"startup":false,"extensionId":{"value":"vscode.configuration-editing","_lower":"vscode.configuration-editing"},"activationEvent":"onLanguage:json"}
[2021-05-02 09:28:49.161] [exthost] [info] ExtensionService#loadCommonJSModule file:///e:/Users/Thales Barbosa Bento/Downloads/VSCode-win32-x64-1.55.2/resources/app/extensions/configuration-editing/dist/configurationEditingMain
[2021-05-02 09:28:49.170] [exthost] [info] ExtensionService#_doActivateExtension vscode.extension-editing {"startup":false,"extensionId":{"value":"vscode.extension-editing","_lower":"vscode.extension-editing"},"activationEvent":"onLanguage:json"}
[2021-05-02 09:28:49.170] [exthost] [info] ExtensionService#loadCommonJSModule file:///e:/Users/Thales Barbosa Bento/Downloads/VSCode-win32-x64-1.55.2/resources/app/extensions/extension-editing/dist/extensionEditingMain
[2021-05-02 09:28:49.283] [exthost] [info] ExtensionService#_doActivateExtension vscode.json-language-features {"startup":false,"extensionId":{"value":"vscode.json-language-features","_lower":"vscode.json-language-features"},"activationEvent":"onLanguage:json"}
[2021-05-02 09:28:49.283] [exthost] [info] ExtensionService#loadCommonJSModule file:///e:/Users/Thales Barbosa Bento/Downloads/VSCode-win32-x64-1.55.2/resources/app/extensions/json-language-features/client/dist/node/jsonClientMain
[2021-05-02 09:28:49.305] [exthost] [info] ExtensionService#_doActivateExtension vscode.npm {"startup":false,"extensionId":{"value":"vscode.npm","_lower":"vscode.npm"},"activationEvent":"onLanguage:json"}
[2021-05-02 09:28:49.305] [exthost] [info] ExtensionService#loadCommonJSModule file:///e:/Users/Thales Barbosa Bento/Downloads/VSCode-win32-x64-1.55.2/resources/app/extensions/npm/dist/npmMain
[2021-05-02 09:28:57.630] [exthost] [info] ExtensionService#_doActivateExtension formulahendry.code-runner {"startup":false,"extensionId":{"value":"formulahendry.code-runner","_lower":"formulahendry.code-runner"},"activationEvent":"onStartupFinished"}
[2021-05-02 09:28:57.630] [exthost] [info] ExtensionService#loadCommonJSModule file:///e:/Users/Thales Barbosa Bento/Downloads/VSCode-win32-x64-1.55.2/data/extensions/formulahendry.code-runner-0.11.3/out/src/extension
[2021-05-02 09:29:32.676] [exthost] [info] ExtensionService#_doActivateExtension vscode.typescript-language-features {"startup":false,"extensionId":{"value":"vscode.typescript-language-features","_lower":"vscode.typescript-language-features"},"activationEvent":"onLanguage:jsonc"}
[2021-05-02 09:29:32.676] [exthost] [info] ExtensionService#loadCommonJSModule file:///e:/Users/Thales Barbosa Bento/Downloads/VSCode-win32-x64-1.55.2/resources/app/extensions/typescript-language-features/dist/extension
[2021-05-02 10:06:36.292] [exthost] [info] extension host terminating: received terminate message from renderer
[2021-05-02 10:06:37.313] [exthost] [info] exiting with code 0
