[2021-05-02 10:06:56.956] [exthost] [info] extension host started
[2021-05-02 10:06:57.100] [exthost] [info] ExtensionService#_doActivateExtension vscode.microsoft-authentication {"startup":false,"extensionId":{"value":"vscode.microsoft-authentication","_lower":"vscode.microsoft-authentication"},"activationEvent":"onAuthenticationRequest:microsoft"}
[2021-05-02 10:06:57.100] [exthost] [info] ExtensionService#loadCommonJSModule file:///e:/Users/Thales Barbosa Bento/Downloads/VSCode-win32-x64-1.55.2/resources/app/extensions/microsoft-authentication/dist/extension.js
[2021-05-02 10:06:57.116] [exthost] [info] ExtensionService#_doActivateExtension vscode.php-language-features {"startup":false,"extensionId":{"value":"vscode.php-language-features","_lower":"vscode.php-language-features"},"activationEvent":"onLanguage:php"}
[2021-05-02 10:06:57.116] [exthost] [info] ExtensionService#loadCommonJSModule file:///e:/Users/Thales Barbosa Bento/Downloads/VSCode-win32-x64-1.55.2/resources/app/extensions/php-language-features/dist/phpMain
[2021-05-02 10:06:57.127] [exthost] [info] ExtensionService#_doActivateExtension vscode.debug-auto-launch {"startup":true,"extensionId":{"value":"vscode.debug-auto-launch","_lower":"vscode.debug-auto-launch"},"activationEvent":"*"}
[2021-05-02 10:06:57.127] [exthost] [info] ExtensionService#loadCommonJSModule file:///e:/Users/Thales Barbosa Bento/Downloads/VSCode-win32-x64-1.55.2/resources/app/extensions/debug-auto-launch/dist/extension
[2021-05-02 10:06:57.135] [exthost] [info] ExtensionService#_doActivateExtension vscode.git {"startup":true,"extensionId":{"value":"vscode.github","_lower":"vscode.github"},"activationEvent":"*"}
[2021-05-02 10:06:57.135] [exthost] [info] ExtensionService#loadCommonJSModule file:///e:/Users/Thales Barbosa Bento/Downloads/VSCode-win32-x64-1.55.2/resources/app/extensions/git/dist/main
[2021-05-02 10:06:57.324] [exthost] [info] ExtensionService#_doActivateExtension ms-vscode.js-debug {"startup":false,"extensionId":{"value":"ms-vscode.js-debug","_lower":"ms-vscode.js-debug"},"activationEvent":"onCommand:extension.js-debug.clearAutoAttachVariables"}
[2021-05-02 10:06:57.324] [exthost] [info] ExtensionService#loadCommonJSModule file:///e:/Users/Thales Barbosa Bento/Downloads/VSCode-win32-x64-1.55.2/resources/app/extensions/ms-vscode.js-debug/src/extension.js
[2021-05-02 10:06:57.497] [exthost] [info] WSL is not installed, so could not detect WSL profiles
[2021-05-02 10:06:57.527] [exthost] [info] ExtensionService#_doActivateExtension vscode.github-authentication {"startup":false,"extensionId":{"value":"vscode.github-authentication","_lower":"vscode.github-authentication"},"activationEvent":"onAuthenticationRequest:github"}
[2021-05-02 10:06:57.527] [exthost] [info] ExtensionService#loadCommonJSModule file:///e:/Users/Thales Barbosa Bento/Downloads/VSCode-win32-x64-1.55.2/resources/app/extensions/github-authentication/dist/extension.js
[2021-05-02 10:06:57.586] [exthost] [info] ExtensionService#_doActivateExtension vscode.github {"startup":true,"extensionId":{"value":"vscode.github","_lower":"vscode.github"},"activationEvent":"*"}
[2021-05-02 10:06:57.586] [exthost] [info] ExtensionService#loadCommonJSModule file:///e:/Users/Thales Barbosa Bento/Downloads/VSCode-win32-x64-1.55.2/resources/app/extensions/github/dist/extension.js
[2021-05-02 10:06:57.599] [exthost] [info] eager extensions activated
[2021-05-02 10:06:57.603] [exthost] [info] ExtensionService#_doActivateExtension vscode.emmet {"startup":false,"extensionId":{"value":"vscode.emmet","_lower":"vscode.emmet"},"activationEvent":"onStartupFinished"}
[2021-05-02 10:06:57.603] [exthost] [info] ExtensionService#loadCommonJSModule file:///e:/Users/Thales Barbosa Bento/Downloads/VSCode-win32-x64-1.55.2/resources/app/extensions/emmet/dist/node/emmetNodeMain
[2021-05-02 10:06:57.616] [exthost] [info] ExtensionService#_doActivateExtension vscode.merge-conflict {"startup":false,"extensionId":{"value":"vscode.merge-conflict","_lower":"vscode.merge-conflict"},"activationEvent":"onStartupFinished"}
[2021-05-02 10:06:57.616] [exthost] [info] ExtensionService#loadCommonJSModule file:///e:/Users/Thales Barbosa Bento/Downloads/VSCode-win32-x64-1.55.2/resources/app/extensions/merge-conflict/dist/mergeConflictMain
[2021-05-02 10:06:57.630] [exthost] [info] ExtensionService#_doActivateExtension ms-vscode-remote.remote-wsl-recommender {"startup":false,"extensionId":{"value":"ms-vscode-remote.remote-wsl-recommender","_lower":"ms-vscode-remote.remote-wsl-recommender"},"activationEvent":"onStartupFinished"}
[2021-05-02 10:06:57.630] [exthost] [info] ExtensionService#loadCommonJSModule file:///e:/Users/Thales Barbosa Bento/Downloads/VSCode-win32-x64-1.55.2/resources/app/extensions/ms-vscode-remote.remote-wsl-recommender/dist/extension.js
[2021-05-02 10:06:57.649] [exthost] [info] ExtensionService#_doActivateExtension vscode.testing-editor-contributions {"startup":false,"extensionId":{"value":"vscode.testing-editor-contributions","_lower":"vscode.testing-editor-contributions"},"activationEvent":"onStartupFinished"}
[2021-05-02 10:06:57.649] [exthost] [info] ExtensionService#loadCommonJSModule file:///e:/Users/Thales Barbosa Bento/Downloads/VSCode-win32-x64-1.55.2/resources/app/extensions/testing-editor-contributions/dist/extension.js
[2021-05-02 10:06:57.652] [exthost] [info] ExtensionService#_doActivateExtension formulahendry.code-runner {"startup":false,"extensionId":{"value":"formulahendry.code-runner","_lower":"formulahendry.code-runner"},"activationEvent":"onStartupFinished"}
[2021-05-02 10:06:57.653] [exthost] [info] ExtensionService#loadCommonJSModule file:///e:/Users/Thales Barbosa Bento/Downloads/VSCode-win32-x64-1.55.2/data/extensions/formulahendry.code-runner-0.11.3/out/src/extension
[2021-05-02 10:21:31.522] [exthost] [info] WSL is not installed, so could not detect WSL profiles
[2021-05-02 10:21:41.311] [exthost] [info] WSL is not installed, so could not detect WSL profiles
[2021-05-02 10:25:32.192] [exthost] [info] ExtensionService#_doActivateExtension vscode.configuration-editing {"startup":false,"extensionId":{"value":"vscode.configuration-editing","_lower":"vscode.configuration-editing"},"activationEvent":"onLanguage:json"}
[2021-05-02 10:25:32.192] [exthost] [info] ExtensionService#loadCommonJSModule file:///e:/Users/Thales Barbosa Bento/Downloads/VSCode-win32-x64-1.55.2/resources/app/extensions/configuration-editing/dist/configurationEditingMain
[2021-05-02 10:25:32.201] [exthost] [info] ExtensionService#_doActivateExtension vscode.extension-editing {"startup":false,"extensionId":{"value":"vscode.extension-editing","_lower":"vscode.extension-editing"},"activationEvent":"onLanguage:json"}
[2021-05-02 10:25:32.201] [exthost] [info] ExtensionService#loadCommonJSModule file:///e:/Users/Thales Barbosa Bento/Downloads/VSCode-win32-x64-1.55.2/resources/app/extensions/extension-editing/dist/extensionEditingMain
[2021-05-02 10:25:32.211] [exthost] [info] ExtensionService#_doActivateExtension vscode.json-language-features {"startup":false,"extensionId":{"value":"vscode.json-language-features","_lower":"vscode.json-language-features"},"activationEvent":"onLanguage:json"}
[2021-05-02 10:25:32.211] [exthost] [info] ExtensionService#loadCommonJSModule file:///e:/Users/Thales Barbosa Bento/Downloads/VSCode-win32-x64-1.55.2/resources/app/extensions/json-language-features/client/dist/node/jsonClientMain
[2021-05-02 10:25:32.233] [exthost] [info] ExtensionService#_doActivateExtension vscode.npm {"startup":false,"extensionId":{"value":"vscode.npm","_lower":"vscode.npm"},"activationEvent":"onLanguage:json"}
[2021-05-02 10:25:32.233] [exthost] [info] ExtensionService#loadCommonJSModule file:///e:/Users/Thales Barbosa Bento/Downloads/VSCode-win32-x64-1.55.2/resources/app/extensions/npm/dist/npmMain
[2021-05-02 10:25:32.636] [exthost] [info] WSL is not installed, so could not detect WSL profiles
[2021-05-02 10:47:57.693] [exthost] [info] extension host terminating: received terminate message from renderer
[2021-05-02 10:47:57.885] [exthost] [info] WSL is not installed, so could not detect WSL profiles
[2021-05-02 10:47:58.721] [exthost] [info] exiting with code 0
