[2021-05-03 08:53:35.836] [exthost] [info] extension host started
[2021-05-03 08:53:35.928] [exthost] [info] ExtensionService#_doActivateExtension vscode.microsoft-authentication {"startup":false,"extensionId":{"value":"vscode.microsoft-authentication","_lower":"vscode.microsoft-authentication"},"activationEvent":"onAuthenticationRequest:microsoft"}
[2021-05-03 08:53:35.928] [exthost] [info] ExtensionService#loadCommonJSModule file:///c:/Code/portable-vscode/resources/app/extensions/microsoft-authentication/dist/extension.js
[2021-05-03 08:53:35.939] [exthost] [info] ExtensionService#_doActivateExtension vscode.debug-auto-launch {"startup":true,"extensionId":{"value":"vscode.debug-auto-launch","_lower":"vscode.debug-auto-launch"},"activationEvent":"*"}
[2021-05-03 08:53:35.939] [exthost] [info] ExtensionService#loadCommonJSModule file:///c:/Code/portable-vscode/resources/app/extensions/debug-auto-launch/dist/extension
[2021-05-03 08:53:35.944] [exthost] [info] ExtensionService#_doActivateExtension vscode.git {"startup":true,"extensionId":{"value":"vscode.github","_lower":"vscode.github"},"activationEvent":"*"}
[2021-05-03 08:53:35.944] [exthost] [info] ExtensionService#loadCommonJSModule file:///c:/Code/portable-vscode/resources/app/extensions/git/dist/main
[2021-05-03 08:53:35.962] [exthost] [info] ExtensionService#_doActivateExtension christian-kohler.path-intellisense {"startup":true,"extensionId":{"value":"christian-kohler.path-intellisense","_lower":"christian-kohler.path-intellisense"},"activationEvent":"*"}
[2021-05-03 08:53:35.962] [exthost] [info] ExtensionService#loadCommonJSModule file:///c:/Code/portable-vscode/data/extensions/christian-kohler.path-intellisense-2.3.0/out/extension.js
[2021-05-03 08:53:36.004] [exthost] [info] ExtensionService#_doActivateExtension EditorConfig.EditorConfig {"startup":true,"extensionId":{"value":"EditorConfig.EditorConfig","_lower":"editorconfig.editorconfig"},"activationEvent":"*"}
[2021-05-03 08:53:36.004] [exthost] [info] ExtensionService#loadCommonJSModule file:///c:/Code/portable-vscode/data/extensions/editorconfig.editorconfig-0.16.4/out/editorConfigMain.js
[2021-05-03 08:53:36.047] [exthost] [info] ExtensionService#_doActivateExtension stef-k.laravel-goto-controller {"startup":true,"extensionId":{"value":"stef-k.laravel-goto-controller","_lower":"stef-k.laravel-goto-controller"},"activationEvent":"*"}
[2021-05-03 08:53:36.047] [exthost] [info] ExtensionService#loadCommonJSModule file:///c:/Code/portable-vscode/data/extensions/stef-k.laravel-goto-controller-0.0.12/out/extension
[2021-05-03 08:53:36.129] [exthost] [info] ExtensionService#_doActivateExtension ms-vscode.js-debug {"startup":false,"extensionId":{"value":"ms-vscode.js-debug","_lower":"ms-vscode.js-debug"},"activationEvent":"onCommand:extension.js-debug.clearAutoAttachVariables"}
[2021-05-03 08:53:36.129] [exthost] [info] ExtensionService#loadCommonJSModule file:///c:/Code/portable-vscode/resources/app/extensions/ms-vscode.js-debug/src/extension.js
[2021-05-03 08:53:36.269] [exthost] [info] WSL is not installed, so could not detect WSL profiles
[2021-05-03 08:53:36.283] [exthost] [info] ExtensionService#_doActivateExtension vscode.github-authentication {"startup":false,"extensionId":{"value":"vscode.github-authentication","_lower":"vscode.github-authentication"},"activationEvent":"onAuthenticationRequest:github"}
[2021-05-03 08:53:36.283] [exthost] [info] ExtensionService#loadCommonJSModule file:///c:/Code/portable-vscode/resources/app/extensions/github-authentication/dist/extension.js
[2021-05-03 08:53:36.356] [exthost] [info] ExtensionService#_doActivateExtension vscode.github {"startup":true,"extensionId":{"value":"vscode.github","_lower":"vscode.github"},"activationEvent":"*"}
[2021-05-03 08:53:36.356] [exthost] [info] ExtensionService#loadCommonJSModule file:///c:/Code/portable-vscode/resources/app/extensions/github/dist/extension.js
[2021-05-03 08:53:36.363] [exthost] [info] eager extensions activated
[2021-05-03 08:53:36.366] [exthost] [info] ExtensionService#_doActivateExtension vscode.emmet {"startup":false,"extensionId":{"value":"vscode.emmet","_lower":"vscode.emmet"},"activationEvent":"onStartupFinished"}
[2021-05-03 08:53:36.366] [exthost] [info] ExtensionService#loadCommonJSModule file:///c:/Code/portable-vscode/resources/app/extensions/emmet/dist/node/emmetNodeMain
[2021-05-03 08:53:36.373] [exthost] [info] ExtensionService#_doActivateExtension vscode.merge-conflict {"startup":false,"extensionId":{"value":"vscode.merge-conflict","_lower":"vscode.merge-conflict"},"activationEvent":"onStartupFinished"}
[2021-05-03 08:53:36.373] [exthost] [info] ExtensionService#loadCommonJSModule file:///c:/Code/portable-vscode/resources/app/extensions/merge-conflict/dist/mergeConflictMain
[2021-05-03 08:53:36.376] [exthost] [info] ExtensionService#_doActivateExtension ms-vscode-remote.remote-wsl-recommender {"startup":false,"extensionId":{"value":"ms-vscode-remote.remote-wsl-recommender","_lower":"ms-vscode-remote.remote-wsl-recommender"},"activationEvent":"onStartupFinished"}
[2021-05-03 08:53:36.376] [exthost] [info] ExtensionService#loadCommonJSModule file:///c:/Code/portable-vscode/resources/app/extensions/ms-vscode-remote.remote-wsl-recommender/dist/extension.js
[2021-05-03 08:53:36.384] [exthost] [info] ExtensionService#_doActivateExtension vscode.testing-editor-contributions {"startup":false,"extensionId":{"value":"vscode.testing-editor-contributions","_lower":"vscode.testing-editor-contributions"},"activationEvent":"onStartupFinished"}
[2021-05-03 08:53:36.384] [exthost] [info] ExtensionService#loadCommonJSModule file:///c:/Code/portable-vscode/resources/app/extensions/testing-editor-contributions/dist/extension.js
[2021-05-03 08:53:36.386] [exthost] [info] ExtensionService#_doActivateExtension formulahendry.code-runner {"startup":false,"extensionId":{"value":"formulahendry.code-runner","_lower":"formulahendry.code-runner"},"activationEvent":"onStartupFinished"}
[2021-05-03 08:53:36.386] [exthost] [info] ExtensionService#loadCommonJSModule file:///c:/Code/portable-vscode/data/extensions/formulahendry.code-runner-0.11.3/out/src/extension
[2021-05-03 08:53:37.344] [exthost] [info] extension host terminating: received terminate message from renderer
[2021-05-03 08:53:38.367] [exthost] [info] exiting with code 0
