Initializing document watcher...
mondelez.gigantesdaexecucao/app/App/Core/Listeners/CustomerEventSubscriber.php: {"insertSpaces":true,"tabSize":4}
mondelez.gigantesdaexecucao/app/Infrastructure/Tools/PremmiarApi.php: {"insertSpaces":true,"tabSize":4}
mondelez.gigantesdaexecucao/app/App/Web/Http/Controllers/CustomerController.php: {"insertSpaces":true,"tabSize":4}
mondelez.gigantesdaexecucao/app/Infrastructure/Tools/PremmiarApi.php: {"insertSpaces":true,"tabSize":4}
mondelez.gigantesdaexecucao/app/Infrastructure/Tools/PremmiarApi.php: {"insertSpaces":true,"tabSize":4}
mondelez.gigantesdaexecucao/app/Infrastructure/Tools/PremmiarApi.php: {"insertSpaces":true,"tabSize":4}
mondelez.gigantesdaexecucao/app/Infrastructure/Tools/PremmiarApi.php: {"insertSpaces":true,"tabSize":4}
mondelez.gigantesdaexecucao/app/Infrastructure/Tools/PremmiarApi.php: Using EditorConfig core...
app/Infrastructure/Tools/PremmiarApi.php: editor.action.trimTrailingWhitespace
mondelez.gigantesdaexecucao/app/Infrastructure/Tools/PremmiarApi.php: {"insertSpaces":true,"tabSize":4}
mondelez.gigantesdaexecucao/app/Infrastructure/Tools/PremmiarApi.php: {"insertSpaces":true,"tabSize":4}
mondelez.gigantesdaexecucao/app/App/Web/Http/Controllers/CustomerController.php: {"insertSpaces":true,"tabSize":4}
mondelez.gigantesdaexecucao/app/Infrastructure/Tools/PremmiarApi.php: {"insertSpaces":true,"tabSize":4}
mondelez.gigantesdaexecucao/app/App/Core/Listeners/CustomerEventSubscriber.php: {"insertSpaces":true,"tabSize":4}
mondelez.gigantesdaexecucao/app/App/Web/resources/views/components/menu.blade.php: {"insertSpaces":true,"tabSize":4}
mondelez.gigantesdaexecucao/app/App/Web/resources/views/components/menu.blade.php: {"insertSpaces":true,"tabSize":4}
mondelez.gigantesdaexecucao/app/App/Web/resources/views/components/menu.blade.php: Using EditorConfig core...
app/App/Web/resources/views/components/menu.blade.php: setEndOfLine(LF)
app/App/Web/resources/views/components/menu.blade.php: editor.action.trimTrailingWhitespace
mondelez.gigantesdaexecucao/app/App/Web/resources/views/components/menu.blade.php: Using EditorConfig core...
app/App/Web/resources/views/components/menu.blade.php: editor.action.trimTrailingWhitespace
mondelez.gigantesdaexecucao/app/App/Web/resources/views/components/menu.blade.php: Using EditorConfig core...
app/App/Web/resources/views/components/menu.blade.php: editor.action.trimTrailingWhitespace
mondelez.gigantesdaexecucao/app/App/Web/resources/views/components/menu.blade.php: Using EditorConfig core...
app/App/Web/resources/views/components/menu.blade.php: editor.action.trimTrailingWhitespace
mondelez.gigantesdaexecucao/app/App/Web/resources/views/components/menu.blade.php: Using EditorConfig core...
app/App/Web/resources/views/components/menu.blade.php: editor.action.trimTrailingWhitespace
mondelez.gigantesdaexecucao/app/App/Web/resources/views/components/menu.blade.php: Using EditorConfig core...
app/App/Web/resources/views/components/menu.blade.php: editor.action.trimTrailingWhitespace
mondelez.gigantesdaexecucao/app/App/Web/resources/views/components/menu.blade.php: Using EditorConfig core...
app/App/Web/resources/views/components/menu.blade.php: editor.action.trimTrailingWhitespace
mondelez.gigantesdaexecucao/app/App/Web/resources/views/components/menu.blade.php: Using EditorConfig core...
app/App/Web/resources/views/components/menu.blade.php: editor.action.trimTrailingWhitespace
mondelez.gigantesdaexecucao/app/App/Web/resources/views/components/menu.blade.php: Using EditorConfig core...
app/App/Web/resources/views/components/menu.blade.php: editor.action.trimTrailingWhitespace
mondelez.gigantesdaexecucao/app/App/Web/resources/views/components/menu.blade.php: {"insertSpaces":true,"tabSize":4}
mondelez.gigantesdaexecucao/app/App/Web/resources/views/components/menu.blade.php: Using EditorConfig core...
app/App/Web/resources/views/components/menu.blade.php: editor.action.trimTrailingWhitespace
mondelez.gigantesdaexecucao/app/App/Web/resources/views/components/menu.blade.php: Using EditorConfig core...
app/App/Web/resources/views/components/menu.blade.php: editor.action.trimTrailingWhitespace
mondelez.gigantesdaexecucao/app/App/Web/resources/views/components/menu.blade.php: Using EditorConfig core...
app/App/Web/resources/views/components/menu.blade.php: editor.action.trimTrailingWhitespace
mondelez.gigantesdaexecucao/app/App/Web/resources/views/components/menu.blade.php: Using EditorConfig core...
app/App/Web/resources/views/components/menu.blade.php: editor.action.trimTrailingWhitespace
mondelez.gigantesdaexecucao/app/App/Web/resources/views/components/menu.blade.php: Using EditorConfig core...
app/App/Web/resources/views/components/menu.blade.php: editor.action.trimTrailingWhitespace
mondelez.gigantesdaexecucao/app/App/Web/resources/views/components/menu.blade.php: Using EditorConfig core...
app/App/Web/resources/views/components/menu.blade.php: editor.action.trimTrailingWhitespace
mondelez.gigantesdaexecucao/app/App/Web/resources/views/components/menu.blade.php: Using EditorConfig core...
app/App/Web/resources/views/components/menu.blade.php: editor.action.trimTrailingWhitespace
mondelez.gigantesdaexecucao/app/App/Web/resources/views/components/menu.blade.php: Using EditorConfig core...
app/App/Web/resources/views/components/menu.blade.php: editor.action.trimTrailingWhitespace
mondelez.gigantesdaexecucao/app/App/Web/resources/views/components/menu.blade.php: {"insertSpaces":true,"tabSize":4}
mondelez.gigantesdaexecucao/app/App/Web/resources/views/components/menu.blade.php: Using EditorConfig core...
app/App/Web/resources/views/components/menu.blade.php: editor.action.trimTrailingWhitespace
mondelez.gigantesdaexecucao/app/App/Web/resources/views/components/menu.blade.php: Using EditorConfig core...
app/App/Web/resources/views/components/menu.blade.php: editor.action.trimTrailingWhitespace
mondelez.gigantesdaexecucao/app/App/Web/resources/views/components/menu.blade.php: Using EditorConfig core...
app/App/Web/resources/views/components/menu.blade.php: editor.action.trimTrailingWhitespace
mondelez.gigantesdaexecucao/app/App/Web/resources/views/components/menu.blade.php: Using EditorConfig core...
app/App/Web/resources/views/components/menu.blade.php: editor.action.trimTrailingWhitespace
mondelez.gigantesdaexecucao/app/App/Web/resources/views/components/menu.blade.php: Using EditorConfig core...
app/App/Web/resources/views/components/menu.blade.php: editor.action.trimTrailingWhitespace
mondelez.gigantesdaexecucao/app/App/Web/resources/views/components/menu.blade.php: Using EditorConfig core...
app/App/Web/resources/views/components/menu.blade.php: editor.action.trimTrailingWhitespace
mondelez.gigantesdaexecucao/app/App/Web/resources/views/components/menu.blade.php: Using EditorConfig core...
app/App/Web/resources/views/components/menu.blade.php: editor.action.trimTrailingWhitespace
mondelez.gigantesdaexecucao/app/App/Web/resources/views/components/menu.blade.php: {"insertSpaces":true,"tabSize":4}
mondelez.gigantesdaexecucao/app/App/Web/resources/views/components/menu.blade.php: Using EditorConfig core...
app/App/Web/resources/views/components/menu.blade.php: editor.action.trimTrailingWhitespace
mondelez.gigantesdaexecucao/app/App/Web/resources/views/components/menu.blade.php: Using EditorConfig core...
app/App/Web/resources/views/components/menu.blade.php: editor.action.trimTrailingWhitespace
mondelez.gigantesdaexecucao/app/App/Web/resources/views/components/menu.blade.php: {"insertSpaces":true,"tabSize":4}
mondelez.gigantesdaexecucao/app/App/Web/resources/views/components/menu.blade.php: Using EditorConfig core...
app/App/Web/resources/views/components/menu.blade.php: editor.action.trimTrailingWhitespace
mondelez.gigantesdaexecucao/app/App/Web/resources/views/components/menu.blade.php: Using EditorConfig core...
app/App/Web/resources/views/components/menu.blade.php: editor.action.trimTrailingWhitespace
mondelez.gigantesdaexecucao/app/App/Web/resources/views/components/menu.blade.php: Using EditorConfig core...
app/App/Web/resources/views/components/menu.blade.php: editor.action.trimTrailingWhitespace
mondelez.gigantesdaexecucao/app/App/Web/resources/views/components/menu.blade.php: Using EditorConfig core...
app/App/Web/resources/views/components/menu.blade.php: editor.action.trimTrailingWhitespace
mondelez.gigantesdaexecucao/app/App/Web/resources/views/components/menu.blade.php: Using EditorConfig core...
app/App/Web/resources/views/components/menu.blade.php: editor.action.trimTrailingWhitespace
mondelez.gigantesdaexecucao/app/App/Web/resources/views/components/menu.blade.php: Using EditorConfig core...
app/App/Web/resources/views/components/menu.blade.php: editor.action.trimTrailingWhitespace
mondelez.gigantesdaexecucao/app/App/Web/resources/views/components/menu.blade.php: Using EditorConfig core...
app/App/Web/resources/views/components/menu.blade.php: editor.action.trimTrailingWhitespace
mondelez.gigantesdaexecucao/app/App/Web/resources/views/components/menu.blade.php: Using EditorConfig core...
app/App/Web/resources/views/components/menu.blade.php: editor.action.trimTrailingWhitespace
mondelez.gigantesdaexecucao/app/App/Web/resources/views/components/menu.blade.php: Using EditorConfig core...
app/App/Web/resources/views/components/menu.blade.php: editor.action.trimTrailingWhitespace
mondelez.gigantesdaexecucao/app/App/Web/resources/views/components/menu.blade.php: Using EditorConfig core...
app/App/Web/resources/views/components/menu.blade.php: editor.action.trimTrailingWhitespace
mondelez.gigantesdaexecucao/app/App/Web/resources/views/components/menu.blade.php: Using EditorConfig core...
app/App/Web/resources/views/components/menu.blade.php: editor.action.trimTrailingWhitespace
mondelez.gigantesdaexecucao/app/App/Web/resources/views/components/menu.blade.php: Using EditorConfig core...
app/App/Web/resources/views/components/menu.blade.php: editor.action.trimTrailingWhitespace
mondelez.gigantesdaexecucao/app/App/Web/resources/views/components/menu.blade.php: Using EditorConfig core...
app/App/Web/resources/views/components/menu.blade.php: editor.action.trimTrailingWhitespace
mondelez.gigantesdaexecucao/app/App/Web/resources/views/components/menu.blade.php: Using EditorConfig core...
app/App/Web/resources/views/components/menu.blade.php: editor.action.trimTrailingWhitespace
mondelez.gigantesdaexecucao/app/App/Web/resources/views/components/menu.blade.php: Using EditorConfig core...
app/App/Web/resources/views/components/menu.blade.php: editor.action.trimTrailingWhitespace
mondelez.gigantesdaexecucao/app/App/Web/resources/views/components/menu.blade.php: {"insertSpaces":true,"tabSize":4}
mondelez.gigantesdaexecucao/app/App/Web/resources/views/components/menu.blade.php: Using EditorConfig core...
app/App/Web/resources/views/components/menu.blade.php: editor.action.trimTrailingWhitespace
mondelez.gigantesdaexecucao/app/App/Web/resources/views/components/menu.blade.php: Using EditorConfig core...
app/App/Web/resources/views/components/menu.blade.php: editor.action.trimTrailingWhitespace
mondelez.gigantesdaexecucao/app/App/Web/resources/views/components/menu.blade.php: Using EditorConfig core...
app/App/Web/resources/views/components/menu.blade.php: editor.action.trimTrailingWhitespace
mondelez.gigantesdaexecucao/app/App/Web/resources/views/components/menu.blade.php: {"insertSpaces":true,"tabSize":4}
mondelez.gigantesdaexecucao/app/App/Web/resources/views/components/menu.blade.php: {"insertSpaces":true,"tabSize":4}
mondelez.gigantesdaexecucao/app/App/Web/resources/views/components/menu.blade.php: Using EditorConfig core...
app/App/Web/resources/views/components/menu.blade.php: editor.action.trimTrailingWhitespace
mondelez.gigantesdaexecucao/app/App/Web/resources/views/components/menu.blade.php: {"insertSpaces":true,"tabSize":4}
mondelez.gigantesdaexecucao/app/App/Web/resources/views/components/menu.blade.php: {"insertSpaces":true,"tabSize":4}
mondelez.gigantesdaexecucao/app/App/Web/resources/views/components/menu.blade.php: {"insertSpaces":true,"tabSize":4}
mondelez.gigantesdaexecucao/app/App/Core/Listeners/CustomerEventSubscriber.php: {"insertSpaces":true,"tabSize":4}
mondelez.gigantesdaexecucao/app/App/Core/Listeners/CustomerEventSubscriber.php: {"insertSpaces":true,"tabSize":4}
mondelez.gigantesdaexecucao/app/App/Web/routes/web.php: {"insertSpaces":true,"tabSize":4}
mondelez.gigantesdaexecucao/app/App/Web/routes/web.php: Using EditorConfig core...
app/App/Web/routes/web.php: setEndOfLine(LF)
app/App/Web/routes/web.php: editor.action.trimTrailingWhitespace
mondelez.gigantesdaexecucao/app/App/Web/routes/web.php: Using EditorConfig core...
app/App/Web/routes/web.php: editor.action.trimTrailingWhitespace
mondelez.gigantesdaexecucao/app/App/Web/routes/web.php: Using EditorConfig core...
app/App/Web/routes/web.php: editor.action.trimTrailingWhitespace
mondelez.gigantesdaexecucao/app/App/Web/routes/web.php: Using EditorConfig core...
app/App/Web/routes/web.php: editor.action.trimTrailingWhitespace
mondelez.gigantesdaexecucao/app/App/Web/routes/web.php: {"insertSpaces":true,"tabSize":4}
mondelez.gigantesdaexecucao/app/App/Core/Listeners/CustomerEventSubscriber.php: {"insertSpaces":true,"tabSize":4}
No more open editors.
No more open editors.
No more open editors.
