Initializing document watcher...
mondelez.gigantesdaexecucao/app/App/Cms/Http/Controllers/AccessTokenController.php: {"insertSpaces":true,"tabSize":4}
mondelez.gigantesdaexecucao/app/App/Cms/Http/Controllers/CustomerController.php: {"insertSpaces":true,"tabSize":4}
mondelez.gigantesdaexecucao/app/Domain/Tools/FederativeUnit.php: {"insertSpaces":true,"tabSize":4}
mondelez.gigantesdaexecucao/app/App/Cms/Http/Controllers/CustomerController.php: {"insertSpaces":true,"tabSize":4}
mondelez.gigantesdaexecucao/app/App/Cms/Http/Controllers/CustomerController.php: Using EditorConfig core...
app/App/Cms/Http/Controllers/CustomerController.php: setEndOfLine(LF)
app/App/Cms/Http/Controllers/CustomerController.php: editor.action.trimTrailingWhitespace
mondelez.gigantesdaexecucao/app/App/Cms/Http/Controllers/CustomerController.php: Using EditorConfig core...
app/App/Cms/Http/Controllers/CustomerController.php: editor.action.trimTrailingWhitespace
mondelez.gigantesdaexecucao/app/App/Cms/Http/Controllers/CustomerController.php: Using EditorConfig core...
app/App/Cms/Http/Controllers/CustomerController.php: editor.action.trimTrailingWhitespace
mondelez.gigantesdaexecucao/app/App/Cms/Http/Controllers/CustomerController.php: Using EditorConfig core...
app/App/Cms/Http/Controllers/CustomerController.php: editor.action.trimTrailingWhitespace
mondelez.gigantesdaexecucao/app/App/Cms/Http/Controllers/CustomerController.php: Using EditorConfig core...
app/App/Cms/Http/Controllers/CustomerController.php: editor.action.trimTrailingWhitespace
mondelez.gigantesdaexecucao/app/App/Cms/Http/Controllers/CustomerController.php: Using EditorConfig core...
app/App/Cms/Http/Controllers/CustomerController.php: editor.action.trimTrailingWhitespace
mondelez.gigantesdaexecucao/app/App/Cms/Http/Controllers/CustomerController.php: Using EditorConfig core...
app/App/Cms/Http/Controllers/CustomerController.php: editor.action.trimTrailingWhitespace
mondelez.gigantesdaexecucao/app/App/Cms/Http/Controllers/CustomerController.php: Using EditorConfig core...
app/App/Cms/Http/Controllers/CustomerController.php: editor.action.trimTrailingWhitespace
mondelez.gigantesdaexecucao/app/App/Cms/Http/Controllers/CustomerController.php: Using EditorConfig core...
app/App/Cms/Http/Controllers/CustomerController.php: editor.action.trimTrailingWhitespace
mondelez.gigantesdaexecucao/app/App/Cms/Http/Controllers/CustomerController.php: Using EditorConfig core...
app/App/Cms/Http/Controllers/CustomerController.php: editor.action.trimTrailingWhitespace
mondelez.gigantesdaexecucao/app/App/Cms/Http/Controllers/CustomerController.php: Using EditorConfig core...
app/App/Cms/Http/Controllers/CustomerController.php: editor.action.trimTrailingWhitespace
mondelez.gigantesdaexecucao/app/App/Cms/Http/Controllers/CustomerController.php: Using EditorConfig core...
app/App/Cms/Http/Controllers/CustomerController.php: editor.action.trimTrailingWhitespace
mondelez.gigantesdaexecucao/app/App/Cms/Http/Controllers/CustomerController.php: Using EditorConfig core...
app/App/Cms/Http/Controllers/CustomerController.php: editor.action.trimTrailingWhitespace
mondelez.gigantesdaexecucao/app/App/Cms/Http/Controllers/CustomerController.php: {"insertSpaces":true,"tabSize":4}
mondelez.gigantesdaexecucao/app/App/Cms/Http/Controllers/CustomerController.php: {"insertSpaces":true,"tabSize":4}
mondelez.gigantesdaexecucao/app/Infrastructure/Import/JobCustomerImportGoal.php: {"insertSpaces":true,"tabSize":4}
mondelez.gigantesdaexecucao/app/App/Core/Http/Kernel.php: {"insertSpaces":true,"tabSize":4}
mondelez.gigantesdaexecucao/app/App/Core/Providers/AppServiceProvider.php: {"insertSpaces":true,"tabSize":4}
mondelez.gigantesdaexecucao/app/App/Core/Providers/AuthServiceProvider.php: {"insertSpaces":true,"tabSize":4}
mondelez.gigantesdaexecucao/app/App/Core/Providers/BroadcastServiceProvider.php: {"insertSpaces":true,"tabSize":4}
mondelez.gigantesdaexecucao/app/App/Core/Providers/EventServiceProvider.php: {"insertSpaces":true,"tabSize":4}
mondelez.gigantesdaexecucao/app/App/Core/Providers/RouteServiceProvider.php: {"insertSpaces":true,"tabSize":4}
mondelez.gigantesdaexecucao/app/App/Core/Providers/AppServiceProvider.php: {"insertSpaces":true,"tabSize":4}
mondelez.gigantesdaexecucao/app/App/Core/Providers/AuthServiceProvider.php: {"insertSpaces":true,"tabSize":4}
mondelez.gigantesdaexecucao/app/App/Core/Providers/RouteServiceProvider.php: {"insertSpaces":true,"tabSize":4}
mondelez.gigantesdaexecucao/app/Infrastructure/Import/JobCustomerImportGoal.php: {"insertSpaces":true,"tabSize":4}
mondelez.gigantesdaexecucao/app/Infrastructure/Import/JobCustomerImportPerformed.php: {"insertSpaces":true,"tabSize":4}
mondelez.gigantesdaexecucao/app/Infrastructure/Import/JobCustomerImportGoal.php: {"insertSpaces":true,"tabSize":4}
mondelez.gigantesdaexecucao/app/Infrastructure/Import/JobCustomerImportPerformed.php: {"insertSpaces":true,"tabSize":4}
mondelez.gigantesdaexecucao/app/Infrastructure/Import/JobCustomerImportGoal.php: {"insertSpaces":true,"tabSize":4}
mondelez.gigantesdaexecucao/app/Infrastructure/Import/JobCustomerImportGoal.php: {"insertSpaces":true,"tabSize":4}
